<?xml version="1.0" encoding="utf-8"?><testsuites name="pytest tests"><testsuite name="pytest" errors="0" failures="0" skipped="0" tests="69" time="3.861" timestamp="2026-04-20T21:25:50.163078+05:00" hostname="amei302-HP-EliteBook-840-G8-Notebook-PC"><testcase classname="tests.unit.test_adaptive_engine_logic.TestAdaptiveEngineLogic" name="test_drift_detection_logic" time="0.002" /><testcase classname="tests.unit.test_adaptive_engine_logic.TestAdaptiveEngineLogic" name="test_wazuh_alert_parsing" time="0.001" /><testcase classname="tests.unit.test_adaptive_engine_logic.TestAdaptiveEngineLogic" name="test_attack_type_inference" time="0.001" /><testcase classname="tests.unit.test_adaptive_engine_logic.TestAdaptiveEngineLogic" name="test_retraining_trigger" time="0.001" /><testcase classname="tests.unit.test_config.TestConfigValues" name="test_ml_api_port" time="0.001" /><testcase classname="tests.unit.test_config.TestConfigValues" name="test_proxy_port" time="0.000" /><testcase classname="tests.unit.test_config.TestConfigValues" name="test_dashboard_port" time="0.000" /><testcase classname="tests.unit.test_config.TestConfigValues" name="test_ports_unique" time="0.001" /><testcase classname="tests.unit.test_config.TestConfigValues" name="test_site_types" time="0.000" /><testcase classname="tests.unit.test_config.TestConfigValues" name="test_honeypot_ports" time="0.000" /><testcase classname="tests.unit.test_config.TestThresholds" name="test_rule_score_thresholds" time="0.001" /><testcase classname="tests.unit.test_config.TestThresholds" name="test_ml_confidence_threshold" time="0.001" /><testcase classname="tests.unit.test_config.TestThresholds" name="test_gan_settings" time="0.001" /><testcase classname="tests.unit.test_config.TestFeatureOrder" name="test_feature_order_exists" time="0.000" /><testcase classname="tests.unit.test_config.TestFeatureOrder" name="test_feature_order_unique" time="0.000" /><testcase classname="tests.unit.test_config.TestFeatureOrder" name="test_expected_features" time="0.000" /><testcase classname="tests.unit.test_config.TestURLs" name="test_ml_api_url" time="0.000" /><testcase classname="tests.unit.test_config.TestURLs" name="test_proxy_url" time="0.000" /><testcase classname="tests.unit.test_config.TestURLs" name="test_dashboard_url" time="0.000" /><testcase classname="tests.unit.test_config.TestAuthentication" name="test_dashboard_credentials" time="0.000" /><testcase classname="tests.unit.test_config.TestAuthentication" name="test_secret_key" time="0.000" /><testcase classname="tests.unit.test_config.TestAuthentication" name="test_proxy_api_key" time="0.000" /><testcase classname="tests.unit.test_database.TestDatabaseInitialization" name="test_database_creation" time="0.053" /><testcase classname="tests.unit.test_database.TestDatabaseInitialization" name="test_tables_exist" time="0.052" /><testcase classname="tests.unit.test_database.TestAttackOperations" name="test_insert_attack" time="0.057" /><testcase classname="tests.unit.test_database.TestAttackOperations" name="test_get_attacks" time="0.059" /><testcase classname="tests.unit.test_database.TestAttackOperations" name="test_get_attack_count" time="0.059" /><testcase classname="tests.unit.test_database.TestAttackOperations" name="test_get_attacks_with_filters" time="0.056" /><testcase classname="tests.unit.test_database.TestAttackOperations" name="test_get_attack_stats" time="0.060" /><testcase classname="tests.unit.test_database.TestAttackerProfiles" name="test_insert_attacker_profile" time="0.055" /><testcase classname="tests.unit.test_database.TestAttackerProfiles" name="test_update_attacker_profile" time="0.055" /><testcase classname="tests.unit.test_database.TestAttackerProfiles" name="test_get_attacker_profiles" time="0.057" /><testcase classname="tests.unit.test_database.TestAttackerProfiles" name="test_get_cluster_stats" time="0.074" /><testcase classname="tests.unit.test_database.TestEventOperations" name="test_insert_event" time="0.055" /><testcase classname="tests.unit.test_database.TestEventOperations" name="test_get_recent_events" time="0.064" /><testcase classname="tests.unit.test_database.TestEventOperations" name="test_filter_events_by_type" time="0.055" /><testcase classname="tests.unit.test_database.TestDataIntegrity" name="test_json_serialization" time="0.053" /><testcase classname="tests.unit.test_database.TestDataIntegrity" name="test_timestamp_format" time="0.053" /><testcase classname="tests.unit.test_database.TestThreadSafety" name="test_concurrent_inserts" time="0.096" /><testcase classname="tests.unit.test_database_service.TestDatabaseService" name="test_db_initialization" time="0.042" /><testcase classname="tests.unit.test_database_service.TestDatabaseService" name="test_insert_and_get_attack" time="0.044" /><testcase classname="tests.unit.test_database_service.TestDatabaseService" name="test_upsert_attacker_profile" time="0.053" /><testcase classname="tests.unit.test_database_service.TestDatabaseService" name="test_insert_event" time="0.048" /><testcase classname="tests.unit.test_database_service.TestDatabaseService" name="test_get_attack_stats" time="0.047" /><testcase classname="tests.unit.test_ml_models.TestModelLoading" name="test_web_attack_model_path" time="1.711" /><testcase classname="tests.unit.test_ml_models.TestModelLoading" name="test_ddos_model_path" time="0.001" /><testcase classname="tests.unit.test_ml_models.TestFeatureExtraction" name="test_extract_basic_features" time="0.003" /><testcase classname="tests.unit.test_ml_models.TestFeatureExtraction" name="test_sqli_pattern_detection" time="0.001" /><testcase classname="tests.unit.test_ml_models.TestFeatureExtraction" name="test_xss_pattern_detection" time="0.001" /><testcase classname="tests.unit.test_ml_models.TestFeatureExtraction" name="test_suspicious_user_agent_detection" time="0.001" /><testcase classname="tests.unit.test_ml_models.TestClassification" name="test_benign_classification" time="0.001" /><testcase classname="tests.unit.test_ml_models.TestClassification" name="test_malicious_classification" time="0.001" /><testcase classname="tests.unit.test_ml_models.TestModelPrediction" name="test_web_attack_prediction_format" time="0.001" /><testcase classname="tests.unit.test_ml_models.TestModelPrediction" name="test_ddos_prediction_format" time="0.000" /><testcase classname="tests.unit.test_ml_models.TestFeatureVectorConstruction" name="test_feature_order_consistency" time="0.000" /><testcase classname="tests.unit.test_ml_models.TestFeatureVectorConstruction" name="test_feature_vector_length" time="0.000" /><testcase classname="tests.unit.test_ml_models.TestFeatureVectorConstruction" name="test_feature_vector_numeric" time="0.001" /><testcase classname="tests.unit.test_ml_models.TestModelValidation" name="test_confidence_bounds" time="0.000" /><testcase classname="tests.unit.test_ml_models.TestModelValidation" name="test_prediction_binary" time="0.000" /><testcase classname="tests.unit.test_ml_models.TestModelValidation" name="test_feature_bounds_validation" time="0.000" /><testcase classname="tests.unit.test_ml_models.TestAttackTypeDetection" name="test_sqli_detection" time="0.001" /><testcase classname="tests.unit.test_ml_models.TestAttackTypeDetection" name="test_xss_detection" time="0.001" /><testcase classname="tests.unit.test_ml_models.TestAttackTypeDetection" name="test_multiple_attack_types" time="0.000" /><testcase classname="tests.unit.test_routing_logic.TestRoutingLogic" name="test_extract_features_benign" time="0.002" /><testcase classname="tests.unit.test_routing_logic.TestRoutingLogic" name="test_extract_features_sqli" time="0.001" /><testcase classname="tests.unit.test_routing_logic.TestRoutingLogic" name="test_extract_features_xss" time="0.001" /><testcase classname="tests.unit.test_routing_logic.TestRoutingLogic" name="test_classify_request_rule_based" time="0.001" /><testcase classname="tests.unit.test_routing_logic.TestRoutingLogic" name="test_classify_request_ensemble" time="0.001" /><testcase classname="tests.unit.test_routing_logic.TestRoutingLogic" name="test_site_map_coverage" time="0.001" /></testsuite></testsuites>