<?xml version="1.0" encoding="utf-8"?><testsuites name="pytest tests"><testsuite name="pytest" errors="0" failures="1" skipped="33" tests="45" time="3.885" timestamp="2026-04-20T21:25:55.488355+05:00" hostname="amei302-HP-EliteBook-840-G8-Notebook-PC"><testcase classname="tests.integration.test_ale_wazuh_integration.TestALEWazuhIntegration" name="test_wazuh_ingestion_pipeline" time="0.049" /><testcase classname="tests.integration.test_ale_wazuh_integration.TestALEWazuhIntegration" name="test_cursor_persistence" time="0.042" /><testcase classname="tests.integration.test_dashboard_api.TestDashboardLogin" name="test_login_with_valid_credentials" time="0.000"><skipped type="pytest.skip" message="Dashboard not running — start with: python3 launch_decepticloud.py">/media/amei-302/New Volume2/SEMESTER VIII/Ahmed Fype-II/tests/integration/test_dashboard_api.py:47: Dashboard not running — start with: python3 launch_decepticloud.py</skipped></testcase><testcase classname="tests.integration.test_dashboard_api.TestDashboardLogin" name="test_login_with_invalid_credentials" time="0.000"><skipped type="pytest.skip" message="Dashboard not running — start with: python3 launch_decepticloud.py">/media/amei-302/New Volume2/SEMESTER VIII/Ahmed Fype-II/tests/integration/test_dashboard_api.py:51: Dashboard not running — start with: python3 launch_decepticloud.py</skipped></testcase><testcase classname="tests.integration.test_dashboard_api.TestDashboardLogin" name="test_unauthenticated_stats_blocked" time="0.000"><skipped type="pytest.skip" message="Dashboard not running — start with: python3 launch_decepticloud.py">/media/amei-302/New Volume2/SEMESTER VIII/Ahmed Fype-II/tests/integration/test_dashboard_api.py:64: Dashboard not running — start with: python3 launch_decepticloud.py</skipped></testcase><testcase classname="tests.integration.test_dashboard_api.TestDashboardStats" name="test_stats_endpoint_returns_attack_data" time="0.000"><skipped type="pytest.skip" message="Dashboard not running — start with: python3 launch_decepticloud.py">/media/amei-302/New Volume2/SEMESTER VIII/Ahmed Fype-II/tests/integration/test_dashboard_api.py:72: Dashboard not running — start with: python3 launch_decepticloud.py</skipped></testcase><testcase classname="tests.integration.test_dashboard_api.TestDashboardStats" name="test_attacks_endpoint" time="0.000"><skipped type="pytest.skip" message="Dashboard not running — start with: python3 launch_decepticloud.py">/media/amei-302/New Volume2/SEMESTER VIII/Ahmed Fype-II/tests/integration/test_dashboard_api.py:83: Dashboard not running — start with: python3 launch_decepticloud.py</skipped></testcase><testcase classname="tests.integration.test_dashboard_api.TestDashboardStats" name="test_blockchain_endpoint" time="0.000"><skipped type="pytest.skip" message="Dashboard not running — start with: python3 launch_decepticloud.py">/media/amei-302/New Volume2/SEMESTER VIII/Ahmed Fype-II/tests/integration/test_dashboard_api.py:91: Dashboard not running — start with: python3 launch_decepticloud.py</skipped></testcase><testcase classname="tests.integration.test_dashboard_api.TestDashboardStats" name="test_stats_detection_confidence_in_range" time="0.000"><skipped type="pytest.skip" message="Dashboard not running — start with: python3 launch_decepticloud.py">/media/amei-302/New Volume2/SEMESTER VIII/Ahmed Fype-II/tests/integration/test_dashboard_api.py:103: Dashboard not running — start with: python3 launch_decepticloud.py</skipped></testcase><testcase classname="tests.integration.test_dashboard_api.TestDashboardStats" name="test_stats_attack_type_breakdown" time="0.000"><skipped type="pytest.skip" message="Dashboard not running — start with: python3 launch_decepticloud.py">/media/amei-302/New Volume2/SEMESTER VIII/Ahmed Fype-II/tests/integration/test_dashboard_api.py:110: Dashboard not running — start with: python3 launch_decepticloud.py</skipped></testcase><testcase classname="tests.integration.test_dashboard_api.TestDashboardStats" name="test_blockchain_chain_integrity" time="0.000"><skipped type="pytest.skip" message="Dashboard not running — start with: python3 launch_decepticloud.py">/media/amei-302/New Volume2/SEMESTER VIII/Ahmed Fype-II/tests/integration/test_dashboard_api.py:117: Dashboard not running — start with: python3 launch_decepticloud.py</skipped></testcase><testcase classname="tests.integration.test_dashboard_api.TestDashboardStats" name="test_cors_does_not_allow_all_origins" time="0.000"><skipped type="pytest.skip" message="Dashboard not running — start with: python3 launch_decepticloud.py">/media/amei-302/New Volume2/SEMESTER VIII/Ahmed Fype-II/tests/integration/test_dashboard_api.py:125: Dashboard not running — start with: python3 launch_decepticloud.py</skipped></testcase><testcase classname="tests.integration.test_database_dashboard_integration.TestDatabaseDashboardIntegration" name="test_dashboard_health" time="0.001"><skipped type="pytest.skip" message="Dashboard not running">/media/amei-302/New Volume2/SEMESTER VIII/Ahmed Fype-II/tests/integration/test_database_dashboard_integration.py:62: Dashboard not running</skipped></testcase><testcase classname="tests.integration.test_database_dashboard_integration.TestDatabaseDashboardIntegration" name="test_dashboard_stats_endpoint" time="0.001"><skipped type="pytest.skip" message="Dashboard not running">/media/amei-302/New Volume2/SEMESTER VIII/Ahmed Fype-II/tests/integration/test_database_dashboard_integration.py:64: Dashboard not running</skipped></testcase><testcase classname="tests.integration.test_database_dashboard_integration.TestDatabaseDashboardIntegration" name="test_attack_data_flow" time="0.055" /><testcase classname="tests.integration.test_database_dashboard_integration.TestDatabaseDashboardIntegration" name="test_attacker_profile_flow" time="0.053" /><testcase classname="tests.integration.test_database_dashboard_integration.TestDashboardAPIs" name="test_login_endpoint" time="0.001"><skipped type="pytest.skip" message="Dashboard not running">/media/amei-302/New Volume2/SEMESTER VIII/Ahmed Fype-II/tests/integration/test_database_dashboard_integration.py:143: Dashboard not running</skipped></testcase><testcase classname="tests.integration.test_database_dashboard_integration.TestDashboardAPIs" name="test_invalid_login" time="0.001"><skipped type="pytest.skip" message="Dashboard not running">/media/amei-302/New Volume2/SEMESTER VIII/Ahmed Fype-II/tests/integration/test_database_dashboard_integration.py:160: Dashboard not running</skipped></testcase><testcase classname="tests.integration.test_database_dashboard_integration.TestDashboardAPIs" name="test_attacks_api_endpoint" time="0.002"><skipped type="pytest.skip" message="Dashboard not running">/media/amei-302/New Volume2/SEMESTER VIII/Ahmed Fype-II/tests/integration/test_database_dashboard_integration.py:183: Dashboard not running</skipped></testcase><testcase classname="tests.integration.test_database_dashboard_integration.TestDataConsistency" name="test_attack_count_consistency" time="0.060" /><testcase classname="tests.integration.test_database_dashboard_integration.TestDataConsistency" name="test_stats_calculation_consistency" time="0.063" /><testcase classname="tests.integration.test_database_dashboard_integration.TestRealTimeUpdates" name="test_concurrent_attack_insertion" time="0.290" /><testcase classname="tests.integration.test_database_dashboard_integration.TestRealTimeUpdates" name="test_profile_update_consistency" time="0.075" /><testcase classname="tests.integration.test_proxy_honeypot_routing.TestProxyHoneypotRouting" name="test_proxy_returns_200_for_attacks" time="0.000"><skipped type="pytest.skip" message="System not running — start with: python3 launch_decepticloud.py">/media/amei-302/New Volume2/SEMESTER VIII/Ahmed Fype-II/tests/integration/test_proxy_honeypot_routing.py:40: System not running — start with: python3 launch_decepticloud.py</skipped></testcase><testcase classname="tests.integration.test_proxy_honeypot_routing.TestProxyHoneypotRouting" name="test_sqli_routes_to_honeypot_content" time="0.000"><skipped type="pytest.skip" message="System not running — start with: python3 launch_decepticloud.py">/media/amei-302/New Volume2/SEMESTER VIII/Ahmed Fype-II/tests/integration/test_proxy_honeypot_routing.py:62: System not running — start with: python3 launch_decepticloud.py</skipped></testcase><testcase classname="tests.integration.test_proxy_honeypot_routing.TestProxyHoneypotRouting" name="test_honeypot_ports_are_accessible_independently" time="0.000"><skipped type="pytest.skip" message="System not running — start with: python3 launch_decepticloud.py">/media/amei-302/New Volume2/SEMESTER VIII/Ahmed Fype-II/tests/integration/test_proxy_honeypot_routing.py:78: System not running — start with: python3 launch_decepticloud.py</skipped></testcase><testcase classname="tests.integration.test_proxy_honeypot_routing.TestProxyHoneypotRouting" name="test_real_site_ports_are_accessible" time="0.000"><skipped type="pytest.skip" message="System not running — start with: python3 launch_decepticloud.py">/media/amei-302/New Volume2/SEMESTER VIII/Ahmed Fype-II/tests/integration/test_proxy_honeypot_routing.py:92: System not running — start with: python3 launch_decepticloud.py</skipped></testcase><testcase classname="tests.integration.test_proxy_honeypot_routing.TestProxyHoneypotRouting" name="test_proxy_config_post_requires_api_key" time="0.000"><skipped type="pytest.skip" message="System not running — start with: python3 launch_decepticloud.py">/media/amei-302/New Volume2/SEMESTER VIII/Ahmed Fype-II/tests/integration/test_proxy_honeypot_routing.py:106: System not running — start with: python3 launch_decepticloud.py</skipped></testcase><testcase classname="tests.integration.test_proxy_honeypot_routing.TestProxyHoneypotRouting" name="test_proxy_config_post_with_valid_key" time="0.000"><skipped type="pytest.skip" message="System not running — start with: python3 launch_decepticloud.py">/media/amei-302/New Volume2/SEMESTER VIII/Ahmed Fype-II/tests/integration/test_proxy_honeypot_routing.py:115: System not running — start with: python3 launch_decepticloud.py</skipped></testcase><testcase classname="tests.integration.test_proxy_ml_api.TestProxyMLIntegration" name="test_ml_api_health" time="3.012" /><testcase classname="tests.integration.test_proxy_ml_api.TestProxyMLIntegration" name="test_web_attack_detection" time="0.003"><failure message="assert 503 == 200&#10; +  where 503 = &lt;Response [503]&gt;.status_code">tests/integration/test_proxy_ml_api.py:58: in test_web_attack_detection
    assert r.status_code == 200
E   assert 503 == 200
E    +  where 503 = &lt;Response [503]&gt;.status_code</failure></testcase><testcase classname="tests.integration.test_proxy_ml_api.TestProxyMLIntegration" name="test_ddos_detection" time="0.017" /><testcase classname="tests.integration.test_proxy_ml_api.TestProxyMLIntegration" name="test_batch_detection" time="0.027" /><testcase classname="tests.integration.test_proxy_ml_integration.TestProxyMLIntegration" name="test_ml_api_health_check" time="0.002"><skipped type="pytest.skip" message="ML API not running">/media/amei-302/New Volume2/SEMESTER VIII/Ahmed Fype-II/tests/integration/test_proxy_ml_integration.py:35: ML API not running</skipped></testcase><testcase classname="tests.integration.test_proxy_ml_integration.TestProxyMLIntegration" name="test_web_attack_detection_endpoint" time="0.001"><skipped type="pytest.skip" message="ML API not running">/media/amei-302/New Volume2/SEMESTER VIII/Ahmed Fype-II/tests/integration/test_proxy_ml_integration.py:57: ML API not running</skipped></testcase><testcase classname="tests.integration.test_proxy_ml_integration.TestProxyMLIntegration" name="test_ddos_detection_endpoint" time="0.001"><skipped type="pytest.skip" message="ML API not running">/media/amei-302/New Volume2/SEMESTER VIII/Ahmed Fype-II/tests/integration/test_proxy_ml_integration.py:77: ML API not running</skipped></testcase><testcase classname="tests.integration.test_proxy_ml_integration.TestProxyMLIntegration" name="test_batch_detection" time="0.001"><skipped type="pytest.skip" message="ML API not running">/media/amei-302/New Volume2/SEMESTER VIII/Ahmed Fype-II/tests/integration/test_proxy_ml_integration.py:101: ML API not running</skipped></testcase><testcase classname="tests.integration.test_proxy_ml_integration.TestProxyClassification" name="test_proxy_status_endpoint" time="0.001"><skipped type="pytest.skip" message="Proxy not running">/media/amei-302/New Volume2/SEMESTER VIII/Ahmed Fype-II/tests/integration/test_proxy_ml_integration.py:122: Proxy not running</skipped></testcase><testcase classname="tests.integration.test_proxy_ml_integration.TestProxyClassification" name="test_proxy_classify_endpoint" time="0.001"><skipped type="pytest.skip" message="Proxy not running">/media/amei-302/New Volume2/SEMESTER VIII/Ahmed Fype-II/tests/integration/test_proxy_ml_integration.py:146: Proxy not running</skipped></testcase><testcase classname="tests.integration.test_proxy_ml_integration.TestProxyClassification" name="test_proxy_classify_sqli_attack" time="0.001"><skipped type="pytest.skip" message="Proxy not running">/media/amei-302/New Volume2/SEMESTER VIII/Ahmed Fype-II/tests/integration/test_proxy_ml_integration.py:169: Proxy not running</skipped></testcase><testcase classname="tests.integration.test_proxy_ml_integration.TestProxyClassification" name="test_proxy_classify_xss_attack" time="0.002"><skipped type="pytest.skip" message="Proxy not running">/media/amei-302/New Volume2/SEMESTER VIII/Ahmed Fype-II/tests/integration/test_proxy_ml_integration.py:191: Proxy not running</skipped></testcase><testcase classname="tests.integration.test_proxy_ml_integration.TestEndToEndFlow" name="test_benign_request_flow" time="0.001"><skipped type="pytest.skip" message="Services not running">/media/amei-302/New Volume2/SEMESTER VIII/Ahmed Fype-II/tests/integration/test_proxy_ml_integration.py:228: Services not running</skipped></testcase><testcase classname="tests.integration.test_proxy_ml_integration.TestEndToEndFlow" name="test_malicious_request_flow" time="0.001"><skipped type="pytest.skip" message="Services not running">/media/amei-302/New Volume2/SEMESTER VIII/Ahmed Fype-II/tests/integration/test_proxy_ml_integration.py:256: Services not running</skipped></testcase><testcase classname="tests.integration.test_proxy_ml_integration.TestDataPersistence" name="test_attack_logging" time="0.001"><skipped type="pytest.skip" message="Proxy not running">/media/amei-302/New Volume2/SEMESTER VIII/Ahmed Fype-II/tests/integration/test_proxy_ml_integration.py:291: Proxy not running</skipped></testcase><testcase classname="tests.integration.test_proxy_ml_integration.TestDataPersistence" name="test_attacker_tracking" time="0.001"><skipped type="pytest.skip" message="Proxy not running">/media/amei-302/New Volume2/SEMESTER VIII/Ahmed Fype-II/tests/integration/test_proxy_ml_integration.py:303: Proxy not running</skipped></testcase></testsuite></testsuites>